<?xml version="1.0" encoding="UTF-8"?>
<testsuite name="com.xuptggg.module.recognition.ExampleUnitTest" tests="1" skipped="0" failures="0" errors="0" timestamp="2025-04-08T08:40:40" hostname="LAPTOP-CV0EJAN7" time="0.001">
  <properties/>
  <testcase name="addition_isCorrect" classname="com.xuptggg.module.recognition.ExampleUnitTest" time="0.001"/>
  <system-out><![CDATA[]]></system-out>
  <system-err><![CDATA[]]></system-err>
</testsuite>
