<?xml version="1.0" encoding="UTF-8"?>
<testsuite name="com.xuptggg.detail.ExampleUnitTest" tests="1" skipped="0" failures="0" errors="0" timestamp="2025-02-27T07:51:59" hostname="IWANNAHAMBUGER" time="0.001">
  <properties/>
  <testcase name="addition_isCorrect" classname="com.xuptggg.detail.ExampleUnitTest" time="0.001"/>
  <system-out><![CDATA[]]></system-out>
  <system-err><![CDATA[]]></system-err>
</testsuite>
